{"/Users/dimatretyak/Projects/jest-test-cli/Link.js": {"path":"/Users/dimatretyak/Projects/jest-test-cli/Link.js","statementMap":{"0":{"start":{"line":4,"column":15},"end":{"line":7,"column":1}},"1":{"start":{"line":11,"column":4},"end":{"line":11,"column":17}},"2":{"start":{"line":13,"column":4},"end":{"line":13,"column":55}},"3":{"start":{"line":14,"column":4},"end":{"line":14,"column":55}},"4":{"start":{"line":16,"column":4},"end":{"line":18,"column":6}},"5":{"start":{"line":22,"column":4},"end":{"line":22,"column":45}},"6":{"start":{"line":26,"column":4},"end":{"line":26,"column":44}},"7":{"start":{"line":30,"column":4},"end":{"line":39,"column":6}}},"fnMap":{"0":{"name":"(anonymous_0)","decl":{"start":{"line":10,"column":2},"end":{"line":10,"column":3}},"loc":{"start":{"line":10,"column":21},"end":{"line":19,"column":3}},"line":10},"1":{"name":"(anonymous_1)","decl":{"start":{"line":21,"column":2},"end":{"line":21,"column":3}},"loc":{"start":{"line":21,"column":18},"end":{"line":23,"column":3}},"line":21},"2":{"name":"(anonymous_2)","decl":{"start":{"line":25,"column":2},"end":{"line":25,"column":3}},"loc":{"start":{"line":25,"column":18},"end":{"line":27,"column":3}},"line":25},"3":{"name":"(anonymous_3)","decl":{"start":{"line":29,"column":2},"end":{"line":29,"column":3}},"loc":{"start":{"line":29,"column":11},"end":{"line":40,"column":3}},"line":29}},"branchMap":{"0":{"loc":{"start":{"line":33,"column":14},"end":{"line":33,"column":36}},"type":"binary-expr","locations":[{"start":{"line":33,"column":14},"end":{"line":33,"column":29}},{"start":{"line":33,"column":33},"end":{"line":33,"column":36}}],"line":33}},"s":{"0":1,"1":1,"2":1,"3":1,"4":1,"5":1,"6":1,"7":3},"f":{"0":1,"1":1,"2":1,"3":3},"b":{"0":[3,0]},"_coverageSchema":"332fd63041d2c1bcb487cc26dd0d5f7d97098a6c","hash":"62b104639cb8a2bd26f81e128c24bbd04aa6c874"}
}
